2022-07-19 11:15:01,088 - __main__ - INFO - Token value: Token not available!
2022-07-19 11:15:01,760 - __main__ - INFO - Weather in Berlin: 30.32
2022-07-19 10:09:58,525 - __main__ - INFO - Token value: 1234
2022-07-19 10:09:58,949 - __main__ - INFO - Weather in Berlin: 32.56
2022-07-19 12:17:50,405 - __main__ - INFO - Token value: 1234
2022-07-19 12:17:50,875 - __main__ - INFO - Weather in Berlin: 33.66
2022-07-19 14:09:00,868 - __main__ - INFO - Token value: 1234
2022-07-19 14:09:01,435 - __main__ - INFO - Weather in Berlin: 34.86
2022-07-19 16:12:16,906 - __main__ - INFO - Token value: 1234
2022-07-19 16:12:17,306 - __main__ - INFO - Weather in Berlin: 34.28
2022-07-19 18:10:53,682 - __main__ - INFO - Token value: 1234
2022-07-19 18:10:53,844 - __main__ - INFO - Weather in Berlin: 31.9
2022-07-19 20:09:35,027 - __main__ - INFO - Token value: 1234
2022-07-19 20:09:35,139 - __main__ - INFO - Weather in Berlin: 27.52
2022-07-19 22:09:04,334 - __main__ - INFO - Token value: 1234
2022-07-19 22:09:04,912 - __main__ - INFO - Weather in Berlin: 25.4
2022-07-20 00:46:12,649 - __main__ - INFO - Token value: 1234
2022-07-20 00:46:13,296 - __main__ - INFO - Weather in Berlin: 24.18
2022-07-20 03:36:18,748 - __main__ - INFO - Token value: 1234
2022-07-20 03:36:18,916 - __main__ - INFO - Weather in Berlin: 22.12
2022-07-20 04:30:43,477 - __main__ - INFO - Token value: 1234
2022-07-20 04:30:43,776 - __main__ - INFO - Weather in Berlin: 21.64
2022-07-20 06:11:40,340 - __main__ - INFO - Token value: 1234
2022-07-20 06:11:41,194 - __main__ - INFO - Weather in Berlin: 24.95
2022-07-20 08:12:25,109 - __main__ - INFO - Token value: 1234
2022-07-20 08:12:25,397 - __main__ - INFO - Weather in Berlin: 30.85
2022-07-20 10:09:27,874 - __main__ - INFO - Token value: 1234
2022-07-20 10:09:28,041 - __main__ - INFO - Weather in Berlin: 35.42
2022-07-20 12:16:14,801 - __main__ - INFO - Token value: 1234
2022-07-20 12:16:15,447 - __main__ - INFO - Weather in Berlin: 36.64
2022-07-20 14:10:42,143 - __main__ - INFO - Token value: 1234
2022-07-20 14:10:42,285 - __main__ - INFO - Weather in Berlin: 37.34
2022-07-20 16:11:32,101 - __main__ - INFO - Token value: 1234
2022-07-20 16:11:32,270 - __main__ - INFO - Weather in Berlin: 36.32
2022-07-20 18:11:08,871 - __main__ - INFO - Token value: 1234
2022-07-20 18:11:09,450 - __main__ - INFO - Weather in Berlin: 35.75
2022-07-20 20:10:07,208 - __main__ - INFO - Token value: 1234
2022-07-20 20:10:07,807 - __main__ - INFO - Weather in Berlin: 29.16
2022-07-20 22:08:32,880 - __main__ - INFO - Token value: 1234
2022-07-20 22:08:33,309 - __main__ - INFO - Weather in Berlin: 27.72
2022-07-21 00:51:04,670 - __main__ - INFO - Token value: 1234
2022-07-21 00:51:04,945 - __main__ - INFO - Weather in Berlin: 25.62
2022-07-21 03:32:21,183 - __main__ - INFO - Token value: 1234
2022-07-21 03:32:21,622 - __main__ - INFO - Weather in Berlin: 24.17
2022-07-21 04:33:49,059 - __main__ - INFO - Token value: 1234
2022-07-21 04:33:49,712 - __main__ - INFO - Weather in Berlin: 23.8
2022-07-21 06:11:40,676 - __main__ - INFO - Token value: 1234
2022-07-21 06:11:41,078 - __main__ - INFO - Weather in Berlin: 24.1
2022-07-21 08:11:51,774 - __main__ - INFO - Token value: 1234
2022-07-21 08:11:51,925 - __main__ - INFO - Weather in Berlin: 26.61
2022-07-21 10:10:48,231 - __main__ - INFO - Token value: 1234
2022-07-21 10:10:48,658 - __main__ - INFO - Weather in Berlin: 29.39
2022-07-21 12:16:51,452 - __main__ - INFO - Token value: 1234
2022-07-21 12:16:52,210 - __main__ - INFO - Weather in Berlin: 29.02
2022-07-21 14:10:13,059 - __main__ - INFO - Token value: 1234
2022-07-21 14:10:13,760 - __main__ - INFO - Weather in Berlin: 24.62
2022-07-21 16:11:48,481 - __main__ - INFO - Token value: 1234
2022-07-21 16:11:49,254 - __main__ - INFO - Weather in Berlin: 24.51
2022-07-21 18:11:19,590 - __main__ - INFO - Token value: 1234
2022-07-21 18:11:19,965 - __main__ - INFO - Weather in Berlin: 25.79
2022-07-21 20:10:30,244 - __main__ - INFO - Token value: 1234
2022-07-21 20:10:30,328 - __main__ - INFO - Weather in Berlin: 22.77
2022-07-25 00:44:39,700 - __main__ - INFO - Token value: 1234
2022-07-25 00:44:40,082 - __main__ - INFO - Weather in Berlin: 19.9
2022-08-01 00:54:12,206 - __main__ - INFO - Token value: 1234
2022-08-01 00:54:12,694 - __main__ - INFO - Weather in Berlin: 20.23
2022-08-08 00:40:42,506 - __main__ - INFO - Token value: 1234
2022-08-08 00:40:42,610 - __main__ - INFO - Weather in Berlin: 16.92
2022-08-15 00:44:48,218 - __main__ - INFO - Token value: 1234
2022-08-15 00:44:48,828 - __main__ - INFO - Weather in Berlin: 22.05
2022-08-22 00:46:22,483 - __main__ - INFO - Token value: 1234
2022-08-22 00:46:22,604 - __main__ - INFO - Weather in Berlin: 16.54
2022-08-29 00:51:03,885 - __main__ - INFO - Token value: 1234
2022-08-29 00:51:04,463 - __main__ - INFO - Weather in Berlin: 13.61
2022-09-05 00:54:44,539 - __main__ - INFO - Token value: 1234
2022-09-05 00:54:45,065 - __main__ - INFO - Weather in Berlin: 15.8
2022-09-12 00:48:56,255 - __main__ - INFO - Token value: 1234
2022-09-12 00:48:56,362 - __main__ - INFO - Weather in Berlin: 12.68
2022-09-19 00:51:28,986 - __main__ - INFO - Token value: 1234
2022-09-19 00:51:29,073 - __main__ - INFO - Weather in Berlin: 8.79
2022-09-26 00:54:36,285 - __main__ - INFO - Token value: 1234
2022-09-26 00:54:36,670 - __main__ - INFO - Weather in Berlin: 11.75
2022-10-03 00:53:53,511 - __main__ - INFO - Token value: 1234
2022-10-03 00:53:54,115 - __main__ - INFO - Weather in Berlin: 11.07
2022-10-10 00:59:22,592 - __main__ - INFO - Token value: 1234
2022-10-10 00:59:22,684 - __main__ - INFO - Weather in Berlin: 7.73
2022-10-17 01:03:34,041 - __main__ - INFO - Token value: 1234
2022-10-17 01:03:34,808 - __main__ - INFO - Weather in Berlin: 13.02
2022-10-24 01:05:23,964 - __main__ - INFO - Token value: 1234
2022-10-24 01:05:24,197 - __main__ - INFO - Weather in Berlin: 13.27
2022-10-31 00:56:50,347 - __main__ - INFO - Token value: 1234
2022-10-31 00:56:50,781 - __main__ - INFO - Weather in Berlin: 13.45
2022-11-07 00:46:30,914 - __main__ - INFO - Token value: 1234
2022-11-07 00:46:31,482 - __main__ - INFO - Weather in Berlin: 6.9
2022-11-14 00:42:53,014 - __main__ - INFO - Token value: 1234
2022-11-14 00:42:53,136 - __main__ - INFO - Weather in Berlin: 6.58
2022-11-21 00:44:54,383 - __main__ - INFO - Token value: 1234
2022-11-21 00:44:54,891 - __main__ - INFO - Weather in Berlin: -1.89
2022-11-28 00:38:10,868 - __main__ - INFO - Token value: 1234
2022-11-28 00:38:10,962 - __main__ - INFO - Weather in Berlin: 4.03
2022-12-05 00:37:36,747 - __main__ - INFO - Token value: 1234
2022-12-05 00:37:37,346 - __main__ - INFO - Weather in Berlin: 2.48
2022-12-12 00:40:48,194 - __main__ - INFO - Token value: 1234
2022-12-12 00:40:48,347 - __main__ - INFO - Weather in Berlin: -1.51
2022-12-19 00:34:22,668 - __main__ - INFO - Token value: 1234
2022-12-19 00:34:23,349 - __main__ - INFO - Weather in Berlin: -4.73
2022-12-26 00:37:57,455 - __main__ - INFO - Token value: 1234
2022-12-26 00:37:58,555 - __main__ - INFO - Weather in Berlin: 8.58
2023-01-02 00:37:45,571 - __main__ - INFO - Token value: 1234
2023-01-02 00:37:46,198 - __main__ - INFO - Weather in Berlin: 11.86
2023-01-09 00:37:48,669 - __main__ - INFO - Token value: 1234
2023-01-09 00:37:49,006 - __main__ - INFO - Weather in Berlin: 5.01
2023-01-16 00:38:39,973 - __main__ - INFO - Token value: 1234
2023-01-16 00:38:40,358 - __main__ - INFO - Weather in Berlin: 4.9
2023-01-23 00:37:11,897 - __main__ - INFO - Token value: 1234
2023-01-23 00:37:12,431 - __main__ - INFO - Weather in Berlin: 1.65
2023-01-30 00:35:30,776 - __main__ - INFO - Token value: 1234
2023-01-30 00:35:31,351 - __main__ - INFO - Weather in Berlin: 1.63
2023-02-06 00:37:40,919 - __main__ - INFO - Token value: 1234
2023-02-06 00:37:41,397 - __main__ - INFO - Weather in Berlin: -2.01
2023-02-13 00:41:55,645 - __main__ - INFO - Token value: 1234
2023-02-13 00:41:56,334 - __main__ - INFO - Weather in Berlin: 7.16
2023-02-20 00:42:40,136 - __main__ - INFO - Token value: 1234
2023-02-20 00:42:40,714 - __main__ - INFO - Weather in Berlin: 2.39
2023-02-27 00:41:12,914 - __main__ - INFO - Token value: 1234
2023-02-27 00:41:13,506 - __main__ - INFO - Weather in Berlin: -1.34
2023-03-06 00:41:41,381 - __main__ - INFO - Token value: 1234
2023-03-06 00:41:41,518 - __main__ - INFO - Weather in Berlin: 0.94
2023-03-13 00:39:58,538 - __main__ - INFO - Token value: 1234
2023-03-13 00:39:58,984 - __main__ - INFO - Weather in Berlin: 5.94
2023-03-20 00:40:52,346 - __main__ - INFO - Token value: 1234
2023-03-20 00:40:52,864 - __main__ - INFO - Weather in Berlin: 10.36
2023-03-27 00:37:03,135 - __main__ - INFO - Token value: 1234
2023-03-27 00:37:03,579 - __main__ - INFO - Weather in Berlin: 4.49
2023-04-03 00:37:03,535 - __main__ - INFO - Token value: 1234
2023-04-03 00:37:03,887 - __main__ - INFO - Weather in Berlin: 1.06
2023-04-10 00:36:03,126 - __main__ - INFO - Token value: 1234
2023-04-10 00:36:03,601 - __main__ - INFO - Weather in Berlin: 6.65
2023-04-17 00:38:11,628 - __main__ - INFO - Token value: 1234
2023-04-17 00:38:11,958 - __main__ - INFO - Weather in Berlin: 7.47
2023-04-24 00:37:25,968 - __main__ - INFO - Token value: 1234
2023-04-24 00:37:26,548 - __main__ - INFO - Weather in Berlin: 11.24
2023-05-01 00:38:28,593 - __main__ - INFO - Token value: 1234
2023-05-01 00:38:29,237 - __main__ - INFO - Weather in Berlin: 4.74
2023-05-08 00:35:59,553 - __main__ - INFO - Token value: 1234
2023-05-08 00:36:00,012 - __main__ - INFO - Weather in Berlin: 8.12
2023-05-15 00:37:43,779 - __main__ - INFO - Token value: 1234
2023-05-15 00:37:44,323 - __main__ - INFO - Weather in Berlin: 13.01
2023-05-22 00:38:44,183 - __main__ - INFO - Token value: 1234
2023-05-22 00:38:44,825 - __main__ - INFO - Weather in Berlin: 18.93
2023-05-29 00:38:32,685 - __main__ - INFO - Token value: 1234
2023-05-29 00:38:33,317 - __main__ - INFO - Weather in Berlin: 13.49
2023-06-05 00:42:16,214 - __main__ - INFO - Token value: 1234
2023-06-05 00:42:16,354 - __main__ - INFO - Weather in Berlin: 12.54
2023-06-12 00:44:40,761 - __main__ - INFO - Token value: 1234
2023-06-12 00:44:41,287 - __main__ - INFO - Weather in Berlin: 17.95
2023-06-19 00:41:31,896 - __main__ - INFO - Token value: 1234
2023-06-19 00:41:32,077 - __main__ - INFO - Weather in Berlin: 17.46
2023-06-26 00:48:35,778 - __main__ - INFO - Token value: 1234
2023-06-26 00:48:35,965 - __main__ - INFO - Weather in Berlin: 19.96
2023-07-03 00:47:50,515 - __main__ - INFO - Token value: 1234
2023-07-03 00:47:51,503 - __main__ - INFO - Weather in Berlin: 14.82
2023-07-10 00:47:49,548 - __main__ - INFO - Token value: 1234
2023-07-10 00:47:50,169 - __main__ - INFO - Weather in Berlin: 21.4
2023-07-17 00:50:57,487 - __main__ - INFO - Token value: 1234
2023-07-17 00:50:58,057 - __main__ - INFO - Weather in Berlin: 17.68
2023-07-24 00:41:28,744 - __main__ - INFO - Token value: 1234
2023-07-24 00:41:29,341 - __main__ - INFO - Weather in Berlin: 19.18
2023-07-31 00:41:40,366 - __main__ - INFO - Token value: 1234
2023-07-31 00:41:40,950 - __main__ - INFO - Weather in Berlin: 15.06
2023-08-07 00:39:33,017 - __main__ - INFO - Token value: 1234
2023-08-07 00:39:33,591 - __main__ - INFO - Weather in Berlin: 14.24
2023-08-14 00:32:09,980 - __main__ - INFO - Token value: 1234
2023-08-14 00:32:10,569 - __main__ - INFO - Weather in Berlin: 19.18
2023-08-21 00:31:40,538 - __main__ - INFO - Token value: 1234
2023-08-21 00:31:41,217 - __main__ - INFO - Weather in Berlin: 20.29
2023-08-28 00:32:45,300 - __main__ - INFO - Token value: 1234
2023-08-28 00:32:45,759 - __main__ - INFO - Weather in Berlin: 15.49
2023-09-04 00:32:51,578 - __main__ - INFO - Token value: 1234
2023-09-04 00:32:51,721 - __main__ - INFO - Weather in Berlin: 13.88
2023-09-11 00:33:02,029 - __main__ - INFO - Token value: 1234
2023-09-11 00:33:02,311 - __main__ - INFO - Weather in Berlin: 19.79
2023-09-18 00:33:08,034 - __main__ - INFO - Token value: 1234
2023-09-18 00:33:08,622 - __main__ - INFO - Weather in Berlin: 18.77
2023-09-25 00:33:31,589 - __main__ - INFO - Token value: 1234
2023-09-25 00:33:32,204 - __main__ - INFO - Weather in Berlin: 11.97
2023-10-02 00:33:45,247 - __main__ - INFO - Token value: 1234
2023-10-02 00:33:45,432 - __main__ - INFO - Weather in Berlin: 16.15
2023-10-09 00:33:46,073 - __main__ - INFO - Token value: 1234
2023-10-09 00:33:46,678 - __main__ - INFO - Weather in Berlin: 10.35
2023-10-16 00:34:12,581 - __main__ - INFO - Token value: 1234
2023-10-16 00:34:13,068 - __main__ - INFO - Weather in Berlin: 6.05
2023-10-23 00:33:38,346 - __main__ - INFO - Token value: 1234
2023-10-23 00:33:38,481 - __main__ - INFO - Weather in Berlin: 11.05
2023-10-30 00:34:04,551 - __main__ - INFO - Token value: 1234
2023-10-30 00:34:05,043 - __main__ - INFO - Weather in Berlin: 12.19
2023-11-06 00:34:49,810 - __main__ - INFO - Token value: 1234
2023-11-06 00:34:50,132 - __main__ - INFO - Weather in Berlin: 10.48
2023-11-13 00:35:20,583 - __main__ - INFO - Token value: 1234
2023-11-13 00:35:21,202 - __main__ - INFO - Weather in Berlin: 6.07
2023-11-16 17:05:57,305 - __main__ - INFO - Token value: 
2023-11-16 17:05:57,448 - __main__ - INFO - Weather in Raleigh: 20.05
2023-11-16 18:06:33,250 - __main__ - INFO - Token value: 
2023-11-16 18:06:34,098 - __main__ - INFO - Weather in Raleigh: 21.53
2023-11-16 19:05:26,350 - __main__ - INFO - Token value: 
2023-11-16 19:05:27,217 - __main__ - INFO - Weather in Raleigh: 21.97
2023-11-16 20:05:59,313 - __main__ - INFO - Token value: 
2023-11-16 20:05:59,459 - __main__ - INFO - Weather in Raleigh: 21.86
2023-11-16 21:05:49,597 - __main__ - INFO - Token value: 
2023-11-16 21:05:49,785 - __main__ - INFO - Weather in Raleigh: 21.08
2023-11-16 22:05:58,052 - __main__ - INFO - Token value: 
2023-11-16 22:05:58,425 - __main__ - INFO - Weather in Raleigh: 18.72
2023-11-20 00:00:59,747 - __main__ - INFO - Token value: 
2023-11-20 00:01:00,316 - __main__ - INFO - Weather in Raleigh: 8.56
2023-11-27 00:00:52,727 - __main__ - INFO - Token value: 
2023-11-27 00:00:56,940 - __main__ - INFO - Weather in Raleigh: 8.3
2023-12-04 00:00:59,058 - __main__ - INFO - Token value: 
2023-12-04 00:00:59,248 - __main__ - INFO - Weather in Raleigh: 18.26
2023-12-11 00:00:55,242 - __main__ - INFO - Token value: 
2023-12-11 00:00:56,117 - __main__ - INFO - Weather in Raleigh: 17.95
2023-12-18 00:01:02,791 - __main__ - INFO - Token value: 
2023-12-18 00:01:04,275 - __main__ - INFO - Weather in Raleigh: 12.52
2023-12-25 00:00:52,005 - __main__ - INFO - Token value: 
2023-12-25 00:00:52,679 - __main__ - INFO - Weather in Raleigh: 10.83
2024-01-01 00:00:47,750 - __main__ - INFO - Token value: 
2024-01-01 00:00:48,299 - __main__ - INFO - Weather in Raleigh: 5.53
2024-01-08 00:00:55,650 - __main__ - INFO - Token value: 
2024-01-08 00:00:56,258 - __main__ - INFO - Weather in Raleigh: 8.98
2024-01-15 00:00:48,357 - __main__ - INFO - Token value: 
2024-01-15 00:00:49,068 - __main__ - INFO - Weather in Raleigh: 9.12
2024-01-22 00:00:50,062 - __main__ - INFO - Token value: 
2024-01-22 00:00:51,787 - __main__ - INFO - Weather in Raleigh: -1.66
2024-01-29 00:00:54,939 - __main__ - INFO - Token value: 
2024-01-29 00:00:55,218 - __main__ - INFO - Weather in Raleigh: 11.45
2024-02-05 00:00:54,684 - __main__ - INFO - Token value: 
2024-02-05 00:00:55,168 - __main__ - INFO - Weather in Raleigh: 7.15
2024-02-12 00:00:52,139 - __main__ - INFO - Token value: 
2024-02-12 00:00:52,944 - __main__ - INFO - Weather in Raleigh: 14.28
2024-02-19 00:00:53,531 - __main__ - INFO - Token value: 
2024-02-19 00:00:54,289 - __main__ - INFO - Weather in Raleigh: 5.05
2024-02-26 00:01:06,610 - __main__ - INFO - Token value: 
2024-02-26 00:01:07,826 - __main__ - INFO - Weather in Raleigh: 6.9
2024-03-04 00:00:53,968 - __main__ - INFO - Token value: 
2024-03-04 00:00:54,410 - __main__ - INFO - Weather in Raleigh: 17.22
2024-03-11 00:00:48,690 - __main__ - INFO - Token value: 
2024-03-11 00:00:50,150 - __main__ - INFO - Weather in Raleigh: 10.56
2024-03-18 00:00:43,991 - __main__ - INFO - Token value: 
2024-03-18 00:00:44,687 - __main__ - INFO - Weather in Raleigh: 18.67
2024-03-25 00:00:54,262 - __main__ - INFO - Token value: 
2024-03-25 00:00:54,762 - __main__ - INFO - Weather in Raleigh: 9.22
2024-04-01 00:00:34,951 - __main__ - INFO - Token value: 
2024-04-01 00:00:35,972 - __main__ - INFO - Weather in Raleigh: 23.25
2024-04-08 00:01:04,103 - __main__ - INFO - Token value: 
2024-04-08 00:01:04,883 - __main__ - INFO - Weather in Raleigh: 14.39
2024-04-15 00:13:38,771 - __main__ - INFO - Token value: 
2024-04-15 00:13:39,540 - __main__ - INFO - Weather in Raleigh: 23.19
2024-04-22 00:00:55,384 - __main__ - INFO - Token value: 
2024-04-22 00:00:57,014 - __main__ - INFO - Weather in Raleigh: 9.77
2024-04-29 00:00:42,954 - __main__ - INFO - Token value: 
2024-04-29 00:00:43,689 - __main__ - INFO - Weather in Raleigh: 22.64
2024-05-06 00:00:52,907 - __main__ - INFO - Token value: 
2024-05-06 00:00:53,683 - __main__ - INFO - Weather in Raleigh: 21.63
2024-05-13 00:00:48,519 - __main__ - INFO - Token value: 
2024-05-13 00:00:49,338 - __main__ - INFO - Weather in Raleigh: 21.01
2024-05-20 00:00:41,717 - __main__ - INFO - Token value: 
2024-05-20 00:00:42,279 - __main__ - INFO - Weather in Raleigh: 20.63
2024-05-27 00:00:56,139 - __main__ - INFO - Token value: 
2024-05-27 00:00:56,479 - __main__ - INFO - Weather in Raleigh: 28.37
2024-06-03 00:01:05,107 - __main__ - INFO - Token value: 
2024-06-03 00:01:05,477 - __main__ - INFO - Weather in Raleigh: 24.43
2024-06-10 00:00:58,011 - __main__ - INFO - Token value: 
2024-06-10 00:00:58,817 - __main__ - INFO - Weather in Raleigh: 28.13
2024-06-17 00:00:54,239 - __main__ - INFO - Token value: 
2024-06-17 00:00:54,548 - __main__ - INFO - Weather in Raleigh: 28.57
2024-06-24 00:00:48,273 - __main__ - INFO - Token value: 
2024-06-24 00:00:48,995 - __main__ - INFO - Weather in Raleigh: 31.52
2024-07-01 00:00:56,961 - __main__ - INFO - Token value: 
2024-07-01 00:00:57,548 - __main__ - INFO - Weather in Raleigh: 27.91
2024-07-08 00:00:51,566 - __main__ - INFO - Token value: 
2024-07-08 00:00:52,548 - __main__ - INFO - Weather in Raleigh: 24.78
2024-07-15 00:00:37,425 - __main__ - INFO - Token value: 
2024-07-15 00:00:38,242 - __main__ - INFO - Weather in Raleigh: 30.79
2024-07-22 00:00:51,946 - __main__ - INFO - Token value: 
2024-07-22 00:00:52,839 - __main__ - INFO - Weather in Raleigh: 28.29
2024-07-29 00:00:54,422 - __main__ - INFO - Token value: 
2024-07-29 00:00:55,182 - __main__ - INFO - Weather in Raleigh: 26.42
2024-08-05 00:00:51,008 - __main__ - INFO - Token value: 
2024-08-05 00:00:51,366 - __main__ - INFO - Weather in Raleigh: 25.43
2024-08-12 00:01:01,067 - __main__ - INFO - Token value: 
2024-08-12 00:01:02,946 - __main__ - INFO - Weather in Raleigh: 27.91
2024-08-19 00:00:50,154 - __main__ - INFO - Token value: 
2024-08-19 00:00:50,769 - __main__ - INFO - Weather in Raleigh: 25.71
2024-08-26 00:00:59,526 - __main__ - INFO - Token value: 
2024-08-26 00:01:00,103 - __main__ - INFO - Weather in Raleigh: 24.23
2024-09-02 00:00:55,643 - __main__ - INFO - Token value: 
2024-09-02 00:00:56,252 - __main__ - INFO - Weather in Raleigh: 22.33
2024-09-09 00:00:53,980 - __main__ - INFO - Token value: 
2024-09-09 00:00:54,338 - __main__ - INFO - Weather in Raleigh: 19.5
2024-09-16 00:00:48,602 - __main__ - INFO - Token value: 
2024-09-16 00:00:49,185 - __main__ - INFO - Weather in Raleigh: 21.53
2024-09-23 00:00:42,548 - __main__ - INFO - Token value: 
2024-09-23 00:00:43,366 - __main__ - INFO - Weather in Raleigh: 22.04
2024-09-30 00:01:08,118 - __main__ - INFO - Token value: 
2024-09-30 00:01:08,840 - __main__ - INFO - Weather in Raleigh: 23.62
2024-10-07 00:00:48,543 - __main__ - INFO - Token value: 
2024-10-07 00:00:48,940 - __main__ - INFO - Weather in Raleigh: 21.57
2024-10-14 00:00:54,394 - __main__ - INFO - Token value: 
2024-10-14 00:00:55,003 - __main__ - INFO - Weather in Raleigh: 19.84
2024-10-21 00:01:02,864 - __main__ - INFO - Token value: 
2024-10-21 00:01:03,397 - __main__ - INFO - Weather in Raleigh: 13.98
2024-10-28 00:00:59,856 - __main__ - INFO - Token value: 
2024-10-28 00:01:00,810 - __main__ - INFO - Weather in Raleigh: 12.87
2024-11-04 00:00:55,020 - __main__ - INFO - Token value: 
2024-11-04 00:00:55,243 - __main__ - INFO - Weather in Raleigh: 12.28
2024-11-11 00:00:41,334 - __main__ - INFO - Token value: 
2024-11-11 00:00:41,616 - __main__ - INFO - Weather in Raleigh: 15.36
2024-11-18 00:00:52,772 - __main__ - INFO - Token value: 
2024-11-18 00:00:53,348 - __main__ - INFO - Weather in Raleigh: 11.02
2024-11-25 00:00:50,250 - __main__ - INFO - Token value: 
2024-11-25 00:00:50,533 - __main__ - INFO - Weather in Raleigh: 10.24
2024-12-02 00:00:53,358 - __main__ - INFO - Token value: 
2024-12-02 00:00:53,973 - __main__ - INFO - Weather in Raleigh: 3.95
2024-12-09 00:01:01,670 - __main__ - INFO - Token value: 
2024-12-09 00:01:02,071 - __main__ - INFO - Weather in Raleigh: 11.38
2024-12-16 00:00:50,355 - __main__ - INFO - Token value: 
2024-12-16 00:00:50,737 - __main__ - INFO - Weather in Raleigh: 10.09
2024-12-23 00:00:44,957 - __main__ - INFO - Token value: 
2024-12-23 00:00:45,256 - __main__ - INFO - Weather in Raleigh: -1.11
2024-12-30 00:00:51,477 - __main__ - INFO - Token value: 
2024-12-30 00:00:51,789 - __main__ - INFO - Weather in Raleigh: 13.77
2025-01-06 00:00:51,696 - __main__ - INFO - Token value: 
2025-01-06 00:00:51,981 - __main__ - INFO - Weather in Raleigh: 2.2
2025-01-13 00:00:45,376 - __main__ - INFO - Token value: 
2025-01-13 00:00:45,687 - __main__ - INFO - Weather in Raleigh: 0.39
2025-01-20 00:00:49,232 - __main__ - INFO - Token value: 
2025-01-20 00:00:49,378 - __main__ - INFO - Weather in Raleigh: 6.7
2025-01-27 00:00:51,403 - __main__ - INFO - Token value: 
2025-01-27 00:00:52,144 - __main__ - INFO - Weather in Raleigh: 6.08
2025-02-03 00:00:54,511 - __main__ - INFO - Token value: 
2025-02-03 00:00:55,111 - __main__ - INFO - Weather in Raleigh: 8.16
2025-02-10 00:00:56,121 - __main__ - INFO - Token value: 
2025-02-10 00:00:57,247 - __main__ - INFO - Weather in Raleigh: 13.56
2025-02-17 00:00:52,504 - __main__ - INFO - Token value: 
2025-02-17 00:00:52,870 - __main__ - INFO - Weather in Raleigh: 7.69
2025-02-24 00:00:40,791 - __main__ - INFO - Token value: 
2025-02-24 00:00:41,087 - __main__ - INFO - Weather in Raleigh: 8.16
2025-03-03 00:00:38,298 - __main__ - INFO - Token value: 
2025-03-03 00:00:38,623 - __main__ - INFO - Weather in Raleigh: 4.62
2025-03-10 00:00:41,419 - __main__ - INFO - Token value: 
2025-03-10 00:00:41,871 - __main__ - INFO - Weather in Raleigh: 10.9
2025-03-17 00:00:41,006 - __main__ - INFO - Token value: 
2025-03-17 00:00:41,418 - __main__ - INFO - Weather in Raleigh: 19.5
2025-03-24 00:00:43,905 - __main__ - INFO - Token value: 
2025-03-24 00:00:44,273 - __main__ - INFO - Weather in Raleigh: 17.89
2025-03-31 00:00:47,979 - __main__ - INFO - Token value: 
2025-03-31 00:00:49,712 - __main__ - INFO - Weather in Raleigh: 20.95
2025-04-07 00:00:45,390 - __main__ - INFO - Token value: 
2025-04-07 00:00:46,044 - __main__ - INFO - Weather in Raleigh: 26.02
2025-04-14 00:00:51,926 - __main__ - INFO - Token value: 
2025-04-14 00:00:53,200 - __main__ - INFO - Weather in Raleigh: 15.05
2025-04-21 00:00:55,792 - __main__ - INFO - Token value: 
2025-04-21 00:00:56,540 - __main__ - INFO - Weather in Raleigh: 25.32
2025-04-28 00:00:59,635 - __main__ - INFO - Token value: 
2025-04-28 00:01:00,871 - __main__ - INFO - Weather in Raleigh: 17.71
2025-05-05 00:00:47,418 - __main__ - INFO - Token value: 
2025-05-05 00:00:48,015 - __main__ - INFO - Weather in Raleigh: 20.33
2025-05-12 00:00:51,470 - __main__ - INFO - Token value: 
2025-05-12 00:00:52,231 - __main__ - INFO - Weather in Raleigh: 18.81
2025-05-19 00:00:49,862 - __main__ - INFO - Token value: 
2025-05-19 00:00:53,681 - __main__ - INFO - Weather in Raleigh: 25.92
2025-05-26 00:00:52,841 - __main__ - INFO - Token value: 
2025-05-26 00:00:54,654 - __main__ - INFO - Weather in Raleigh: 22.01
2025-06-02 00:01:00,849 - __main__ - INFO - Token value: 
2025-06-02 00:01:01,142 - __main__ - INFO - Weather in Raleigh: 21.02
2025-06-09 00:01:06,967 - __main__ - INFO - Token value: 
2025-06-09 00:01:07,527 - __main__ - INFO - Weather in Raleigh: 27.54
2025-06-16 00:01:00,309 - __main__ - INFO - Token value: 
2025-06-16 00:01:05,579 - __main__ - INFO - Weather in Raleigh: 26.01
2025-06-23 00:01:02,034 - __main__ - INFO - Token value: 
2025-06-23 00:01:03,750 - __main__ - INFO - Weather in Raleigh: 30.53
2025-06-30 00:01:14,268 - __main__ - INFO - Token value: 
2025-06-30 00:01:14,857 - __main__ - INFO - Weather in Raleigh: 30.27
2025-07-07 00:01:06,261 - __main__ - INFO - Token value: 
2025-07-07 00:01:06,899 - __main__ - INFO - Weather in Raleigh: 23.87
2025-07-14 00:01:16,388 - __main__ - INFO - Token value: 
2025-07-14 00:01:18,236 - __main__ - INFO - Weather in Raleigh: 26.62
2025-07-21 00:01:28,865 - __main__ - INFO - Token value: 
2025-07-28 00:01:13,956 - __main__ - INFO - Token value: 
2025-07-28 00:01:14,431 - __main__ - INFO - Weather in Raleigh: 32.59
2025-08-04 00:01:26,351 - __main__ - INFO - Token value: 
2025-08-04 00:01:26,493 - __main__ - INFO - Weather in Raleigh: 23.05
2025-08-11 00:00:58,747 - __main__ - INFO - Token value: 
2025-08-11 00:00:59,110 - __main__ - INFO - Weather in Raleigh: 25.66
2025-08-18 00:00:54,979 - __main__ - INFO - Token value: 
2025-08-18 00:00:55,873 - __main__ - INFO - Weather in Raleigh: 28.2
2025-08-25 00:00:47,624 - __main__ - INFO - Token value: 
2025-08-25 00:00:48,405 - __main__ - INFO - Weather in Raleigh: 25.93
2025-09-01 00:00:47,805 - __main__ - INFO - Token value: 
2025-09-01 00:00:48,149 - __main__ - INFO - Weather in Raleigh: 21.34
2025-09-08 00:00:47,647 - __main__ - INFO - Token value: 
2025-09-08 00:00:47,958 - __main__ - INFO - Weather in Raleigh: 17.54
2025-09-15 00:00:47,120 - __main__ - INFO - Token value: 
2025-09-15 00:00:48,166 - __main__ - INFO - Weather in Raleigh: 20.48
2025-09-22 00:00:50,694 - __main__ - INFO - Token value: 
2025-09-22 00:00:50,856 - __main__ - INFO - Weather in Raleigh: 23.27
2025-09-29 00:00:46,849 - __main__ - INFO - Token value: 
2025-09-29 00:00:47,124 - __main__ - INFO - Weather in Raleigh: 21.7
2025-10-06 00:00:50,668 - __main__ - INFO - Token value: 
2025-10-06 00:00:51,413 - __main__ - INFO - Weather in Raleigh: 20.84
2025-10-13 00:00:50,172 - __main__ - INFO - Token value: 
2025-10-13 00:00:50,863 - __main__ - INFO - Weather in Raleigh: 16.16
2025-10-20 00:00:46,052 - __main__ - INFO - Token value: 
2025-10-20 00:00:46,333 - __main__ - INFO - Weather in Raleigh: 22.36
2025-10-27 00:01:00,541 - __main__ - INFO - Token value: 
2025-10-27 00:01:00,910 - __main__ - INFO - Weather in Raleigh: 13.89
2025-11-03 00:00:54,212 - __main__ - INFO - Token value: 
2025-11-03 00:00:54,968 - __main__ - INFO - Weather in Raleigh: 12.12
2025-11-10 00:00:57,680 - __main__ - INFO - Token value: 
2025-11-10 00:00:58,161 - __main__ - INFO - Weather in Raleigh: 20.21
2025-11-17 00:00:47,801 - __main__ - INFO - Token value: 
2025-11-17 00:00:49,131 - __main__ - INFO - Weather in Raleigh: 16.32
2025-11-24 00:00:52,532 - __main__ - INFO - Token value: 
2025-11-24 00:00:53,200 - __main__ - INFO - Weather in Raleigh: 11.92
2025-12-01 00:00:52,627 - __main__ - INFO - Token value: 
2025-12-01 00:00:53,347 - __main__ - INFO - Weather in Raleigh: 9.11
2025-12-08 00:00:42,849 - __main__ - INFO - Token value: 
2025-12-08 00:00:43,475 - __main__ - INFO - Weather in Raleigh: 4.1
2025-12-15 00:00:44,461 - __main__ - INFO - Token value: 
2025-12-15 00:00:45,192 - __main__ - INFO - Weather in Raleigh: -2.42
2025-12-22 00:00:55,778 - __main__ - INFO - Token value: 
2025-12-22 00:00:56,107 - __main__ - INFO - Weather in Raleigh: 9.53
2025-12-29 00:00:56,890 - __main__ - INFO - Token value: 
2025-12-29 00:00:57,380 - __main__ - INFO - Weather in Raleigh: 8.95
2026-01-05 00:00:46,639 - __main__ - INFO - Token value: 
2026-01-05 00:00:46,897 - __main__ - INFO - Weather in Raleigh: 5.01
2026-01-12 00:00:55,566 - __main__ - INFO - Token value: 
2026-01-12 00:00:56,555 - __main__ - INFO - Weather in Raleigh: 4.73
